\BOOKMARK [0][-]{chapter.1}{Cooper\040142\040SNPs\040set}{}% 1
\BOOKMARK [1][-]{section.1.1}{Preparation}{chapter.1}% 2
\BOOKMARK [2][-]{subsection.1.1.1}{Import\040required\040packages.}{section.1.1}% 3
\BOOKMARK [2][-]{subsection.1.1.2}{Read\040input\040matrix\040with\040genotypes}{section.1.1}% 4
\BOOKMARK [2][-]{subsection.1.1.3}{Distribution\040of\040data}{section.1.1}% 5
\BOOKMARK [3][-]{subsubsection*.3}{Distribution\040by\040phenotype}{subsection.1.1.3}% 6
\BOOKMARK [3][-]{subsubsection*.4}{Distribution\040by\040gender/phenotype}{subsection.1.1.3}% 7
\BOOKMARK [3][-]{subsubsection*.5}{Distribution\040by\040gender/phenotype/inv8_001\040genotype}{subsection.1.1.3}% 8
\BOOKMARK [1][-]{section.1.2}{All\040participants}{chapter.1}% 9
\BOOKMARK [2][-]{subsection.1.2.1}{Logistic\040regression\040model}{section.1.2}% 10
\BOOKMARK [2][-]{subsection.1.2.2}{Grid\040search\040for\0403\040hyperparameters}{section.1.2}% 11
\BOOKMARK [2][-]{subsection.1.2.3}{Best\040estimator}{section.1.2}% 12
\BOOKMARK [1][-]{section.1.3}{Males}{chapter.1}% 13
\BOOKMARK [2][-]{subsection.1.3.1}{Logistic\040regression\040model}{section.1.3}% 14
\BOOKMARK [2][-]{subsection.1.3.2}{Grid\040search\040for\0403\040hyperparameters}{section.1.3}% 15
\BOOKMARK [2][-]{subsection.1.3.3}{Best\040estimator}{section.1.3}% 16
\BOOKMARK [1][-]{section.1.4}{Females}{chapter.1}% 17
\BOOKMARK [2][-]{subsection.1.4.1}{Logistic\040regression\040model}{section.1.4}% 18
\BOOKMARK [2][-]{subsection.1.4.2}{Grid\040search\040for\0403\040hyperparameters}{section.1.4}% 19
\BOOKMARK [2][-]{subsection.1.4.3}{Best\040estimator}{section.1.4}% 20
\BOOKMARK [1][-]{section.1.5}{NN\040Males}{chapter.1}% 21
\BOOKMARK [2][-]{subsection.1.5.1}{Logistic\040regression\040model}{section.1.5}% 22
\BOOKMARK [2][-]{subsection.1.5.2}{Grid\040search\040for\0403\040hyperparameters}{section.1.5}% 23
\BOOKMARK [2][-]{subsection.1.5.3}{Best\040estimator}{section.1.5}% 24
\BOOKMARK [1][-]{section.1.6}{NI\040Males}{chapter.1}% 25
\BOOKMARK [2][-]{subsection.1.6.1}{Logistic\040regression\040model}{section.1.6}% 26
\BOOKMARK [2][-]{subsection.1.6.2}{Grid\040search\040for\0403\040hyperparameters}{section.1.6}% 27
\BOOKMARK [2][-]{subsection.1.6.3}{Best\040estimator}{section.1.6}% 28
\BOOKMARK [1][-]{section.1.7}{II\040Males}{chapter.1}% 29
\BOOKMARK [2][-]{subsection.1.7.1}{Logistic\040regression\040model}{section.1.7}% 30
\BOOKMARK [2][-]{subsection.1.7.2}{Grid\040search\040for\0403\040hyperparameters}{section.1.7}% 31
\BOOKMARK [2][-]{subsection.1.7.3}{Best\040estimator}{section.1.7}% 32
\BOOKMARK [1][-]{section.1.8}{NN\040Females}{chapter.1}% 33
\BOOKMARK [2][-]{subsection.1.8.1}{Logistic\040regression\040model}{section.1.8}% 34
\BOOKMARK [2][-]{subsection.1.8.2}{Grid\040search\040for\0403\040hyperparameters}{section.1.8}% 35
\BOOKMARK [2][-]{subsection.1.8.3}{Best\040estimator}{section.1.8}% 36
\BOOKMARK [1][-]{section.1.9}{NI\040Females}{chapter.1}% 37
\BOOKMARK [2][-]{subsection.1.9.1}{Logistic\040regression\040model}{section.1.9}% 38
\BOOKMARK [2][-]{subsection.1.9.2}{Grid\040search\040for\0403\040hyperparameters}{section.1.9}% 39
\BOOKMARK [2][-]{subsection.1.9.3}{Best\040estimator}{section.1.9}% 40
\BOOKMARK [1][-]{section.1.10}{II\040Females}{chapter.1}% 41
\BOOKMARK [2][-]{subsection.1.10.1}{Logistic\040regression\040model}{section.1.10}% 42
\BOOKMARK [2][-]{subsection.1.10.2}{Grid\040search\040for\0403\040hyperparameters}{section.1.10}% 43
\BOOKMARK [2][-]{subsection.1.10.3}{Best\040estimator}{section.1.10}% 44
